\BOOKMARK [1][-]{section.1}{\376\377\000H\000e\000a\000d\000i\000n\000g\000\040\0001}{}% 1
\BOOKMARK [2][-]{subsection.1.1}{\376\377\000H\000e\000a\000d\000i\000n\000g\000\040\0002}{section.1}% 2
\BOOKMARK [1][-]{section.2}{\376\377\000P\000a\000r\000t\000\040\000I}{}% 3
\BOOKMARK [2][-]{subsection.2.1}{\376\377\000D\000a\000t\000a\000\040\000O\000v\000e\000r\000v\000i\000e\000w}{section.2}% 4
\BOOKMARK [3][-]{subsubsection.2.1.1}{\376\377\000F\000i\000l\000e\000\040\000s\000i\000z\000e\000,\000\040\000c\000l\000a\000s\000s\000\040\000b\000a\000l\000a\000n\000c\000e\000,\000\040\000s\000c\000a\000l\000e\000\040\000o\000f\000\040\000f\000e\000a\000t\000u\000r\000e\000s}{subsection.2.1}% 5
\BOOKMARK [2][-]{subsection.2.2}{\376\377\000D\000e\000s\000i\000g\000n\000\040\000D\000e\000c\000i\000s\000i\000o\000n\000s}{section.2}% 6
\BOOKMARK [3][-]{subsubsection.2.2.1}{\376\377\000P\000i\000p\000e\000l\000i\000n\000e\000\040\000e\000l\000e\000m\000e\000n\000t\000s}{subsection.2.2}% 7
\BOOKMARK [3][-]{subsubsection.2.2.2}{\376\377\000M\000o\000d\000e\000l\000\040\000s\000e\000l\000e\000c\000t\000i\000o\000n}{subsection.2.2}% 8
\BOOKMARK [2][-]{subsection.2.3}{\376\377\000T\000r\000a\000d\000i\000t\000i\000o\000n\000a\000l\000\040\000R\000e\000s\000u\000l\000t\000s}{section.2}% 9
\BOOKMARK [3][-]{subsubsection.2.3.1}{\376\377\000D\000e\000v\000e\000l\000o\000p\000m\000e\000n\000t\000\040\000a\000n\000d\000\040\000t\000r\000a\000i\000n\000i\000n\000g\000\040\000t\000i\000m\000e}{subsection.2.3}% 10
\BOOKMARK [3][-]{subsubsection.2.3.2}{\376\377\000N\000u\000m\000e\000r\000i\000c\000a\000l\000\040\000m\000e\000t\000r\000i\000c\000s}{subsection.2.3}% 11
\BOOKMARK [3][-]{subsubsection.2.3.3}{\376\377\000C\000o\000n\000f\000u\000s\000i\000o\000n\000\040\000m\000a\000t\000r\000i\000x}{subsection.2.3}% 12
\BOOKMARK [3][-]{subsubsection.2.3.4}{\376\377\000P\000r\000e\000d\000i\000c\000t\000e\000d\000\040\000r\000e\000s\000u\000l\000t\000s\000\040\000o\000n\000\040\000t\000e\000s\000t\000\040\000s\000e\000t}{subsection.2.3}% 13
\BOOKMARK [2][-]{subsection.2.4}{\376\377\000D\000e\000e\000p\000\040\000R\000e\000s\000u\000l\000t\000s}{section.2}% 14
\BOOKMARK [3][-]{subsubsection.2.4.1}{\376\377\000D\000e\000v\000e\000l\000o\000p\000m\000e\000n\000t\000\040\000a\000n\000d\000\040\000t\000r\000a\000i\000n\000i\000n\000g\000\040\000t\000i\000m\000e}{subsection.2.4}% 15
\BOOKMARK [3][-]{subsubsection.2.4.2}{\376\377\000N\000u\000m\000e\000r\000i\000c\000a\000l\000\040\000m\000e\000t\000r\000i\000c\000s}{subsection.2.4}% 16
\BOOKMARK [3][-]{subsubsection.2.4.3}{\376\377\000C\000o\000n\000f\000u\000s\000i\000o\000n\000\040\000m\000a\000t\000r\000i\000x}{subsection.2.4}% 17
\BOOKMARK [3][-]{subsubsection.2.4.4}{\376\377\000P\000r\000e\000d\000i\000c\000t\000e\000d\000\040\000r\000e\000s\000u\000l\000t\000s\000\040\000o\000n\000\040\000t\000e\000s\000t\000\040\000s\000e\000t}{subsection.2.4}% 18
\BOOKMARK [2][-]{subsection.2.5}{\376\377\000C\000o\000n\000c\000l\000u\000s\000i\000o\000n}{section.2}% 19
\BOOKMARK [3][-]{subsubsection.2.5.1}{\376\377\000M\000o\000d\000e\000l\000\040\000c\000o\000m\000p\000a\000r\000i\000s\000o\000n}{subsection.2.5}% 20
\BOOKMARK [3][-]{subsubsection.2.5.2}{\376\377\000L\000e\000s\000s\000o\000n\000s\000\040\000l\000e\000a\000r\000n\000e\000d}{subsection.2.5}% 21
\BOOKMARK [1][-]{section.3}{\376\377\000P\000a\000r\000t\000\040\000I\000I}{}% 22
\BOOKMARK [2][-]{subsection.3.1}{\376\377\000D\000a\000t\000a\000\040\000O\000v\000e\000r\000v\000i\000e\000w}{section.3}% 23
\BOOKMARK [3][-]{subsubsection.3.1.1}{\376\377\000F\000i\000l\000e\000\040\000s\000i\000z\000e\000,\000\040\000c\000l\000a\000s\000s\000\040\000b\000a\000l\000a\000n\000c\000e\000,\000\040\000s\000c\000a\000l\000e\000\040\000o\000f\000\040\000f\000e\000a\000t\000u\000r\000e\000s}{subsection.3.1}% 24
\BOOKMARK [2][-]{subsection.3.2}{\376\377\000D\000e\000s\000i\000g\000n\000\040\000D\000e\000c\000i\000s\000i\000o\000n\000s}{section.3}% 25
\BOOKMARK [3][-]{subsubsection.3.2.1}{\376\377\000P\000i\000p\000e\000l\000i\000n\000e\000\040\000e\000l\000e\000m\000e\000n\000t\000s}{subsection.3.2}% 26
\BOOKMARK [3][-]{subsubsection.3.2.2}{\376\377\000M\000o\000d\000e\000l\000\040\000s\000e\000l\000e\000c\000t\000i\000o\000n}{subsection.3.2}% 27
\BOOKMARK [2][-]{subsection.3.3}{\376\377\000R\000e\000s\000u\000l\000t\000s}{section.3}% 28
\BOOKMARK [3][-]{subsubsection.3.3.1}{\376\377\000D\000e\000v\000e\000l\000o\000p\000m\000e\000n\000t\000\040\000a\000n\000d\000\040\000t\000r\000a\000i\000n\000i\000n\000g\000\040\000t\000i\000m\000e}{subsection.3.3}% 29
\BOOKMARK [3][-]{subsubsection.3.3.2}{\376\377\000N\000u\000m\000e\000r\000i\000c\000a\000l\000\040\000m\000e\000t\000r\000i\000c\000s}{subsection.3.3}% 30
\BOOKMARK [3][-]{subsubsection.3.3.3}{\376\377\000C\000o\000n\000f\000u\000s\000i\000o\000n\000\040\000m\000a\000t\000r\000i\000x}{subsection.3.3}% 31
\BOOKMARK [3][-]{subsubsection.3.3.4}{\376\377\000P\000r\000e\000d\000i\000c\000t\000e\000d\000\040\000r\000e\000s\000u\000l\000t\000s\000\040\000o\000n\000\040\000t\000e\000s\000t\000\040\000s\000e\000t}{subsection.3.3}% 32
\BOOKMARK [2][-]{subsection.3.4}{\376\377\000C\000o\000n\000c\000l\000u\000s\000i\000o\000n}{section.3}% 33
\BOOKMARK [3][-]{subsubsection.3.4.1}{\376\377\000L\000e\000s\000s\000o\000n\000s\000\040\000l\000e\000a\000r\000n\000e\000d}{subsection.3.4}% 34
