This is pdfTeX, Version 3.141592653-2.6-1.40.28 (MiKTeX 25.12) (preloaded format=pdflatex 2026.3.11)  5 MAY 2026 19:22
entering extended mode
 restricted \write18 enabled.
 %&-line parsing enabled.
**./report.tex
(report.tex
LaTeX2e <2025-11-01>
L3 programming layer <2025-12-24>
(C:\Users\sswilliams\AppData\Local\Programs\MiKTeX\tex/latex/base\article.cls
Document Class: article 2025/01/22 v1.4n Standard LaTeX document class
(C:\Users\sswilliams\AppData\Local\Programs\MiKTeX\tex/latex/base\size12.clo
File: size12.clo 2025/01/22 v1.4n Standard LaTeX file (size option)
)
\c@part=\count275
\c@section=\count276
\c@subsection=\count277
\c@subsubsection=\count278
\c@paragraph=\count279
\c@subparagraph=\count280
\c@figure=\count281
\c@table=\count282
\abovecaptionskip=\skip49
\belowcaptionskip=\skip50
\bibindent=\dimen148
)
(C:\Users\sswilliams\AppData\Local\Programs\MiKTeX\tex/latex/geometry\geometry.
sty
Package: geometry 2020/01/02 v5.9 Page Geometry

(C:\Users\sswilliams\AppData\Local\Programs\MiKTeX\tex/latex/graphics\keyval.st
y
Package: keyval 2022/05/29 v1.15 key=value parser (DPC)
\KV@toks@=\toks17
)
(C:\Users\sswilliams\AppData\Local\Programs\MiKTeX\tex/generic/iftex\ifvtex.sty
Package: ifvtex 2019/10/25 v1.7 ifvtex legacy package. Use iftex instead.
(C:\Users\sswilliams\AppData\Local\Programs\MiKTeX\tex/generic/iftex\iftex.sty
Package: iftex 2024/12/12 v1.0g TeX engine tests
))
\Gm@cnth=\count283
\Gm@cntv=\count284
\c@Gm@tempcnt=\count285
\Gm@bindingoffset=\dimen149
\Gm@wd@mp=\dimen150
\Gm@odd@mp=\dimen151
\Gm@even@mp=\dimen152
\Gm@layoutwidth=\dimen153
\Gm@layoutheight=\dimen154
\Gm@layouthoffset=\dimen155
\Gm@layoutvoffset=\dimen156
\Gm@dimlist=\toks18

(C:\Users\sswilliams\AppData\Local\Programs\MiKTeX\tex/latex/geometry\geometry.
cfg))
(C:\Users\sswilliams\AppData\Local\Programs\MiKTeX\tex/latex/setspace\setspace.
sty
Package: setspace 2022/12/04 v6.7b set line spacing
)
(C:\Users\sswilliams\AppData\Local\Programs\MiKTeX\tex/latex/titlesec\titlesec.
sty
Package: titlesec 2025/01/04 v2.17 Sectioning titles
\ttl@box=\box53
\beforetitleunit=\skip51
\aftertitleunit=\skip52
\ttl@plus=\dimen157
\ttl@minus=\dimen158
\ttl@toksa=\toks19
\titlewidth=\dimen159
\titlewidthlast=\dimen160
\titlewidthfirst=\dimen161
)
(C:\Users\sswilliams\AppData\Local\Programs\MiKTeX\tex/latex/booktabs\booktabs.
sty
Package: booktabs 2020/01/12 v1.61803398 Publication quality tables
\heavyrulewidth=\dimen162
\lightrulewidth=\dimen163
\cmidrulewidth=\dimen164
\belowrulesep=\dimen165
\belowbottomsep=\dimen166
\aboverulesep=\dimen167
\abovetopsep=\dimen168
\cmidrulesep=\dimen169
\cmidrulekern=\dimen170
\defaultaddspace=\dimen171
\@cmidla=\count286
\@cmidlb=\count287
\@aboverulesep=\dimen172
\@belowrulesep=\dimen173
\@thisruleclass=\count288
\@lastruleclass=\count289
\@thisrulewidth=\dimen174
)
(C:\Users\sswilliams\AppData\Local\Programs\MiKTeX\tex/latex/graphics\graphicx.
sty
Package: graphicx 2024/12/31 v1.2e Enhanced LaTeX Graphics (DPC,SPQR)

(C:\Users\sswilliams\AppData\Local\Programs\MiKTeX\tex/latex/graphics\graphics.
sty
Package: graphics 2024/08/06 v1.4g Standard LaTeX Graphics (DPC,SPQR)

(C:\Users\sswilliams\AppData\Local\Programs\MiKTeX\tex/latex/graphics\trig.sty
Package: trig 2023/12/02 v1.11 sin cos tan (DPC)
)
(C:\Users\sswilliams\AppData\Local\Programs\MiKTeX\tex/latex/graphics-cfg\graph
ics.cfg
File: graphics.cfg 2016/06/04 v1.11 sample graphics configuration
)
Package graphics Info: Driver file: pdftex.def on input line 106.

(C:\Users\sswilliams\AppData\Local\Programs\MiKTeX\tex/latex/graphics-def\pdfte
x.def
File: pdftex.def 2025/09/29 v1.2d Graphics/color driver for pdftex
))
\Gin@req@height=\dimen175
\Gin@req@width=\dimen176
)
(C:\Users\sswilliams\AppData\Local\Programs\MiKTeX\tex/latex/amsmath\amsmath.st
y
Package: amsmath 2025/07/09 v2.17z AMS math features
\@mathmargin=\skip53

For additional information on amsmath, use the `?' option.

(C:\Users\sswilliams\AppData\Local\Programs\MiKTeX\tex/latex/amsmath\amstext.st
y
Package: amstext 2024/11/17 v2.01 AMS text

(C:\Users\sswilliams\AppData\Local\Programs\MiKTeX\tex/latex/amsmath\amsgen.sty
File: amsgen.sty 1999/11/30 v2.0 generic functions
\@emptytoks=\toks20
\ex@=\dimen177
))
(C:\Users\sswilliams\AppData\Local\Programs\MiKTeX\tex/latex/amsmath\amsbsy.sty
Package: amsbsy 1999/11/29 v1.2d Bold Symbols
\pmbraise@=\dimen178
)
(C:\Users\sswilliams\AppData\Local\Programs\MiKTeX\tex/latex/amsmath\amsopn.sty
Package: amsopn 2022/04/08 v2.04 operator names
)
\inf@bad=\count290
LaTeX Info: Redefining \frac on input line 233.
\uproot@=\count291
\leftroot@=\count292
LaTeX Info: Redefining \overline on input line 398.
LaTeX Info: Redefining \colon on input line 409.
\classnum@=\count293
\DOTSCASE@=\count294
LaTeX Info: Redefining \ldots on input line 495.
LaTeX Info: Redefining \dots on input line 498.
LaTeX Info: Redefining \cdots on input line 619.
\Mathstrutbox@=\box54
\strutbox@=\box55
LaTeX Info: Redefining \big on input line 721.
LaTeX Info: Redefining \Big on input line 722.
LaTeX Info: Redefining \bigg on input line 723.
LaTeX Info: Redefining \Bigg on input line 724.
\big@size=\dimen179
LaTeX Font Info:    Redeclaring font encoding OML on input line 742.
LaTeX Font Info:    Redeclaring font encoding OMS on input line 743.
\macc@depth=\count295
LaTeX Info: Redefining \bmod on input line 904.
LaTeX Info: Redefining \pmod on input line 909.
LaTeX Info: Redefining \smash on input line 939.
LaTeX Info: Redefining \relbar on input line 969.
LaTeX Info: Redefining \Relbar on input line 970.
\c@MaxMatrixCols=\count296
\dotsspace@=\muskip17
\c@parentequation=\count297
\dspbrk@lvl=\count298
\tag@help=\toks21
\row@=\count299
\column@=\count300
\maxfields@=\count301
\andhelp@=\toks22
\eqnshift@=\dimen180
\alignsep@=\dimen181
\tagshift@=\dimen182
\tagwidth@=\dimen183
\totwidth@=\dimen184
\lineht@=\dimen185
\@envbody=\toks23
\multlinegap=\skip54
\multlinetaggap=\skip55
\mathdisplay@stack=\toks24
LaTeX Info: Redefining \[ on input line 2950.
LaTeX Info: Redefining \] on input line 2951.
)
(C:\Users\sswilliams\AppData\Local\Programs\MiKTeX\tex/latex/hyperref\hyperref.
sty
Package: hyperref 2025-07-12 v7.01o Hypertext links for LaTeX

(C:\Users\sswilliams\AppData\Local\Programs\MiKTeX\tex/latex/kvsetkeys\kvsetkey
s.sty
Package: kvsetkeys 2022-10-05 v1.19 Key value parser (HO)
)
(C:\Users\sswilliams\AppData\Local\Programs\MiKTeX\tex/generic/kvdefinekeys\kvd
efinekeys.sty
Package: kvdefinekeys 2019-12-19 v1.6 Define keys (HO)
)
(C:\Users\sswilliams\AppData\Local\Programs\MiKTeX\tex/generic/pdfescape\pdfesc
ape.sty
Package: pdfescape 2019/12/09 v1.15 Implements pdfTeX's escape features (HO)

(C:\Users\sswilliams\AppData\Local\Programs\MiKTeX\tex/generic/ltxcmds\ltxcmds.
sty
Package: ltxcmds 2023-12-04 v1.26 LaTeX kernel commands for general use (HO)
)
(C:\Users\sswilliams\AppData\Local\Programs\MiKTeX\tex/generic/pdftexcmds\pdfte
xcmds.sty
Package: pdftexcmds 2020-06-27 v0.33 Utility functions of pdfTeX for LuaTeX (HO
)

(C:\Users\sswilliams\AppData\Local\Programs\MiKTeX\tex/generic/infwarerr\infwar
err.sty
Package: infwarerr 2019/12/03 v1.5 Providing info/warning/error messages (HO)
)
Package pdftexcmds Info: \pdf@primitive is available.
Package pdftexcmds Info: \pdf@ifprimitive is available.
Package pdftexcmds Info: \pdfdraftmode found.
))
(C:\Users\sswilliams\AppData\Local\Programs\MiKTeX\tex/latex/hycolor\hycolor.st
y
Package: hycolor 2020-01-27 v1.10 Color options for hyperref/bookmark (HO)
)
(C:\Users\sswilliams\AppData\Local\Programs\MiKTeX\tex/latex/hyperref\nameref.s
ty
Package: nameref 2025-06-21 v2.57 Cross-referencing by name of section

(C:\Users\sswilliams\AppData\Local\Programs\MiKTeX\tex/latex/refcount\refcount.
sty
Package: refcount 2019/12/15 v3.6 Data extraction from label references (HO)
)
(C:\Users\sswilliams\AppData\Local\Programs\MiKTeX\tex/generic/gettitlestring\g
ettitlestring.sty
Package: gettitlestring 2019/12/15 v1.6 Cleanup title references (HO)

(C:\Users\sswilliams\AppData\Local\Programs\MiKTeX\tex/latex/kvoptions\kvoption
s.sty
Package: kvoptions 2022-06-15 v3.15 Key value format for package options (HO)
))
\c@section@level=\count302
)
(C:\Users\sswilliams\AppData\Local\Programs\MiKTeX\tex/latex/etoolbox\etoolbox.
sty
Package: etoolbox 2025/10/02 v2.5m e-TeX tools for LaTeX (JAW)
\etb@tempcnta=\count303
)
(C:\Users\sswilliams\AppData\Local\Programs\MiKTeX\tex/generic/stringenc\string
enc.sty
Package: stringenc 2019/11/29 v1.12 Convert strings between diff. encodings (HO
)
)
\@linkdim=\dimen186
\Hy@linkcounter=\count304
\Hy@pagecounter=\count305

(C:\Users\sswilliams\AppData\Local\Programs\MiKTeX\tex/latex/hyperref\pd1enc.de
f
File: pd1enc.def 2025-07-12 v7.01o Hyperref: PDFDocEncoding definition (HO)
Now handling font encoding PD1 ...
... no UTF-8 mapping file for font encoding PD1
)
(C:\Users\sswilliams\AppData\Local\Programs\MiKTeX\tex/generic/intcalc\intcalc.
sty
Package: intcalc 2019/12/15 v1.3 Expandable calculations with integers (HO)
)
\Hy@SavedSpaceFactor=\count306

(C:\Users\sswilliams\AppData\Local\Programs\MiKTeX\tex/latex/hyperref\puenc.def
File: puenc.def 2025-07-12 v7.01o Hyperref: PDF Unicode definition (HO)
Now handling font encoding PU ...
... no UTF-8 mapping file for font encoding PU
)
Package hyperref Info: Hyper figures OFF on input line 4195.
Package hyperref Info: Link nesting OFF on input line 4200.
Package hyperref Info: Hyper index ON on input line 4203.
Package hyperref Info: Plain pages OFF on input line 4210.
Package hyperref Info: Backreferencing OFF on input line 4215.
Package hyperref Info: Implicit mode ON; LaTeX internals redefined.
Package hyperref Info: Bookmarks ON on input line 4462.
\c@Hy@tempcnt=\count307
 (C:\Users\sswilliams\AppData\Local\Programs\MiKTeX\tex/latex/url\url.sty
\Urlmuskip=\muskip18
Package: url 2013/09/16  ver 3.4  Verb mode for urls, etc.
)
LaTeX Info: Redefining \url on input line 4801.
\XeTeXLinkMargin=\dimen187

(C:\Users\sswilliams\AppData\Local\Programs\MiKTeX\tex/generic/bitset\bitset.st
y
Package: bitset 2019/12/09 v1.3 Handle bit-vector datatype (HO)

(C:\Users\sswilliams\AppData\Local\Programs\MiKTeX\tex/generic/bigintcalc\bigin
tcalc.sty
Package: bigintcalc 2019/12/15 v1.5 Expandable calculations on big integers (HO
)
))
\Fld@menulength=\count308
\Field@Width=\dimen188
\Fld@charsize=\dimen189
Package hyperref Info: Hyper figures OFF on input line 6078.
Package hyperref Info: Link nesting OFF on input line 6083.
Package hyperref Info: Hyper index ON on input line 6086.
Package hyperref Info: backreferencing OFF on input line 6093.
Package hyperref Info: Link coloring OFF on input line 6098.
Package hyperref Info: Link coloring with OCG OFF on input line 6103.
Package hyperref Info: PDF/A mode OFF on input line 6108.
\Hy@abspage=\count309
\c@Item=\count310
\c@Hfootnote=\count311
)
Package hyperref Info: Driver (autodetected): hpdftex.

(C:\Users\sswilliams\AppData\Local\Programs\MiKTeX\tex/latex/hyperref\hpdftex.d
ef
File: hpdftex.def 2025-07-12 v7.01o Hyperref driver for pdfTeX
\Fld@listcount=\count312
\c@bookmark@seq@number=\count313

(C:\Users\sswilliams\AppData\Local\Programs\MiKTeX\tex/latex/rerunfilecheck\rer
unfilecheck.sty
Package: rerunfilecheck 2025-06-21 v1.11 Rerun checks for auxiliary files (HO)

(C:\Users\sswilliams\AppData\Local\Programs\MiKTeX\tex/generic/uniquecounter\un
iquecounter.sty
Package: uniquecounter 2019/12/15 v1.4 Provide unlimited unique counter (HO)
)
Package uniquecounter Info: New unique counter `rerunfilecheck' on input line 2
84.
)
\Hy@SectionHShift=\skip56
)
(C:\Users\sswilliams\AppData\Local\Programs\MiKTeX\tex/latex/parskip\parskip.st
y
Package: parskip 2021-03-14 v2.0h non-zero parskip adjustments
)
(C:\Users\sswilliams\AppData\Local\Programs\MiKTeX\tex/latex/xcolor\xcolor.sty
Package: xcolor 2024/09/29 v3.02 LaTeX color extensions (UK)

(C:\Users\sswilliams\AppData\Local\Programs\MiKTeX\tex/latex/graphics-cfg\color
.cfg
File: color.cfg 2016/01/02 v1.6 sample color configuration
)
Package xcolor Info: Driver file: pdftex.def on input line 274.

(C:\Users\sswilliams\AppData\Local\Programs\MiKTeX\tex/latex/graphics\mathcolor
.ltx)
Package xcolor Info: Model `cmy' substituted by `cmy0' on input line 1349.
Package xcolor Info: Model `hsb' substituted by `rgb' on input line 1353.
Package xcolor Info: Model `RGB' extended on input line 1365.
Package xcolor Info: Model `HTML' substituted by `rgb' on input line 1367.
Package xcolor Info: Model `Hsb' substituted by `hsb' on input line 1368.
Package xcolor Info: Model `tHsb' substituted by `hsb' on input line 1369.
Package xcolor Info: Model `HSB' substituted by `hsb' on input line 1370.
Package xcolor Info: Model `Gray' substituted by `gray' on input line 1371.
Package xcolor Info: Model `wave' substituted by `hsb' on input line 1372.
)
Package hyperref Info: Option `colorlinks' set `true' on input line 18.

(C:\Users\sswilliams\AppData\Local\Programs\MiKTeX\tex/latex/l3backend\l3backen
d-pdftex.def
File: l3backend-pdftex.def 2025-10-09 L3 backend support: PDF output (pdfTeX)
\l__color_backend_stack_int=\count314
) (report.aux

LaTeX Warning: Label `fig:placeholder' multiply defined.

)
\openout1 = `report.aux'.

LaTeX Font Info:    Checking defaults for OML/cmm/m/it on input line 33.
LaTeX Font Info:    ... okay on input line 33.
LaTeX Font Info:    Checking defaults for OMS/cmsy/m/n on input line 33.
LaTeX Font Info:    ... okay on input line 33.
LaTeX Font Info:    Checking defaults for OT1/cmr/m/n on input line 33.
LaTeX Font Info:    ... okay on input line 33.
LaTeX Font Info:    Checking defaults for T1/cmr/m/n on input line 33.
LaTeX Font Info:    ... okay on input line 33.
LaTeX Font Info:    Checking defaults for TS1/cmr/m/n on input line 33.
LaTeX Font Info:    ... okay on input line 33.
LaTeX Font Info:    Checking defaults for OMX/cmex/m/n on input line 33.
LaTeX Font Info:    ... okay on input line 33.
LaTeX Font Info:    Checking defaults for U/cmr/m/n on input line 33.
LaTeX Font Info:    ... okay on input line 33.
LaTeX Font Info:    Checking defaults for PD1/pdf/m/n on input line 33.
LaTeX Font Info:    ... okay on input line 33.
LaTeX Font Info:    Checking defaults for PU/pdf/m/n on input line 33.
LaTeX Font Info:    ... okay on input line 33.

*geometry* driver: auto-detecting
*geometry* detected driver: pdftex
*geometry* verbose mode - [ preamble ] result:
* driver: pdftex
* paper: <default>
* layout: <same size as paper>
* layoutoffset:(h,v)=(0.0pt,0.0pt)
* modes: 
* h-part:(L,W,R)=(72.26999pt, 469.75502pt, 72.26999pt)
* v-part:(T,H,B)=(72.26999pt, 650.43001pt, 72.26999pt)
* \paperwidth=614.295pt
* \paperheight=794.96999pt
* \textwidth=469.75502pt
* \textheight=650.43001pt
* \oddsidemargin=0.0pt
* \evensidemargin=0.0pt
* \topmargin=-37.0pt
* \headheight=12.0pt
* \headsep=25.0pt
* \topskip=12.0pt
* \footskip=30.0pt
* \marginparwidth=44.0pt
* \marginparsep=10.0pt
* \columnsep=10.0pt
* \skip\footins=10.8pt plus 4.0pt minus 2.0pt
* \hoffset=0.0pt
* \voffset=0.0pt
* \mag=1000
* \@twocolumnfalse
* \@twosidefalse
* \@mparswitchfalse
* \@reversemarginfalse
* (1in=72.27pt=25.4mm, 1cm=28.453pt)


(C:\Users\sswilliams\AppData\Local\Programs\MiKTeX\tex/context/base/mkii\supp-p
df.mkii
[Loading MPS to PDF converter (version 2006.09.02).]
\scratchcounter=\count315
\scratchdimen=\dimen190
\scratchbox=\box56
\nofMPsegments=\count316
\nofMParguments=\count317
\everyMPshowfont=\toks25
\MPscratchCnt=\count318
\MPscratchDim=\dimen191
\MPnumerator=\count319
\makeMPintoPDFobject=\count320
\everyMPtoPDFconversion=\toks26
)
(C:\Users\sswilliams\AppData\Local\Programs\MiKTeX\tex/latex/epstopdf-pkg\epsto
pdf-base.sty
Package: epstopdf-base 2020-01-24 v2.11 Base part for package epstopdf
Package epstopdf-base Info: Redefining graphics rule for `.eps' on input line 4
85.

(C:\Users\sswilliams\AppData\Local\Programs\MiKTeX\tex/latex/00miktex\epstopdf-
sys.cfg
File: epstopdf-sys.cfg 2021/03/18 v2.0 Configuration of epstopdf for MiKTeX
))
Package hyperref Info: Link coloring ON on input line 33.
 (report.out) (report.out)
\@outlinefile=\write3
\openout3 = `report.out'.

 [1

{C:/Users/sswilliams/AppData/Local/MiKTeX/fonts/map/pdftex/pdftex.map}] (report
.toc)
\tf@toc=\write4
\openout4 = `report.toc'.

 [2] [3] [4]
<figures/p1_trad_cv_comparison.png, id=214, 652.5981pt x 336.7782pt>
File: figures/p1_trad_cv_comparison.png Graphic file (type png)
<use figures/p1_trad_cv_comparison.png>
Package pdftex.def Info: figures/p1_trad_cv_comparison.png  used on input line 
103.
(pdftex.def)             Requested size: 469.75502pt x 242.41844pt.
 [5 <./figures/p1_trad_cv_comparison.png>]
<figures/p1_trad_confusion_matrix.png, id=222, 437.2335pt x 406.8801pt>
File: figures/p1_trad_confusion_matrix.png Graphic file (type png)
<use figures/p1_trad_confusion_matrix.png>
Package pdftex.def Info: figures/p1_trad_confusion_matrix.png  used on input li
ne 124.
(pdftex.def)             Requested size: 234.8775pt x 218.57582pt.
<figures/p1_deep_confusion_matrix.png, id=223, 437.2335pt x 406.8801pt>
File: figures/p1_deep_confusion_matrix.png Graphic file (type png)
<use figures/p1_deep_confusion_matrix.png>
Package pdftex.def Info: figures/p1_deep_confusion_matrix.png  used on input li
ne 150.
(pdftex.def)             Requested size: 234.8775pt x 218.57582pt.
 [6 <./figures/p1_trad_confusion_matrix.png>] [7 <./figures/p1_deep_confusion_m
atrix.png>] [8]
<figures/p2_feature_scores.png, id=241, 541.3023pt x 350.14815pt>
File: figures/p2_feature_scores.png Graphic file (type png)
<use figures/p2_feature_scores.png>
Package pdftex.def Info: figures/p2_feature_scores.png  used on input line 201.

(pdftex.def)             Requested size: 469.75502pt x 303.87308pt.
<figures/p2_traditional_model_CV.png, id=242, 1376.89406pt x 272.51813pt>
File: figures/p2_traditional_model_CV.png Graphic file (type png)
<use figures/p2_traditional_model_CV.png>
Package pdftex.def Info: figures/p2_traditional_model_CV.png  used on input lin
e 217.
(pdftex.def)             Requested size: 469.75502pt x 92.97511pt.
 [9 <./figures/p2_feature_scores.png>]
<figures/p2_deep_model_CV.png, id=249, 1295.59032pt x 237.13594pt>
File: figures/p2_deep_model_CV.png Graphic file (type png)
<use figures/p2_deep_model_CV.png>
Package pdftex.def Info: figures/p2_deep_model_CV.png  used on input line 233.
(pdftex.def)             Requested size: 469.75502pt x 85.98038pt.

[10 <./figures/p2_traditional_model_CV.png> <./figures/p2_deep_model_CV.png>]
<figures/p2_trad_results.png, id=258, 1251.92719pt x 377.91188pt>
File: figures/p2_trad_results.png Graphic file (type png)
<use figures/p2_trad_results.png>
Package pdftex.def Info: figures/p2_trad_results.png  used on input line 254.
(pdftex.def)             Requested size: 469.75502pt x 141.8031pt.
<figures/p2_deep_results.png, id=259, 1236.11812pt x 354.57469pt>
File: figures/p2_deep_results.png Graphic file (type png)
<use figures/p2_deep_results.png>
Package pdftex.def Info: figures/p2_deep_results.png  used on input line 261.
(pdftex.def)             Requested size: 469.75502pt x 134.7452pt.

[11 <./figures/p2_trad_results.png> <./figures/p2_deep_results.png>]
<figures/p2_confusion_matrices.png, id=268, 639.5895pt x 270.65115pt>
File: figures/p2_confusion_matrices.png Graphic file (type png)
<use figures/p2_confusion_matrices.png>
Package pdftex.def Info: figures/p2_confusion_matrices.png  used on input line 
273.
(pdftex.def)             Requested size: 469.75502pt x 198.78784pt.
<figures/p2_confusion_matrices_train.png, id=269, 639.5895pt x 270.65115pt>
File: figures/p2_confusion_matrices_train.png Graphic file (type png)
<use figures/p2_confusion_matrices_train.png>
Package pdftex.def Info: figures/p2_confusion_matrices_train.png  used on input
 line 279.
(pdftex.def)             Requested size: 469.75502pt x 198.78784pt.
 [12 <./figures/p2_confusion_matrices.png> <./figures/p2_confusion_matrices_tra
in.png>]
<figures/p2_cv_comparison.png, id=278, 424.2249pt x 311.4837pt>
File: figures/p2_cv_comparison.png Graphic file (type png)
<use figures/p2_cv_comparison.png>
Package pdftex.def Info: figures/p2_cv_comparison.png  used on input line 301.
(pdftex.def)             Requested size: 469.75502pt x 344.9145pt.

[13 <./figures/p2_cv_comparison.png>]
<figures/p2_pr_curves.png, id=286, 367.1316pt x 353.76164pt>
File: figures/p2_pr_curves.png Graphic file (type png)
<use figures/p2_pr_curves.png>
Package pdftex.def Info: figures/p2_pr_curves.png  used on input line 309.
(pdftex.def)             Requested size: 469.75502pt x 452.65141pt.
 [14 <./figures/p2_pr_curves.png>]
<figures/p2_roc_curves.png, id=293, 367.1316pt x 353.76164pt>
File: figures/p2_roc_curves.png Graphic file (type png)
<use figures/p2_roc_curves.png>
Package pdftex.def Info: figures/p2_roc_curves.png  used on input line 317.
(pdftex.def)             Requested size: 469.75502pt x 452.65141pt.

[15 <./figures/p2_roc_curves.png>] [16] (report.aux)
 ***********
LaTeX2e <2025-11-01>
L3 programming layer <2025-12-24>
 ***********


LaTeX Warning: There were multiply-defined labels.

Package rerunfilecheck Info: File `report.out' has not changed.
(rerunfilecheck)             Checksum: DCD34B35CC83951D8A5046B5B31C3DF7;6982.
 ) 
Here is how much of TeX's memory you used:
 10751 strings out of 467871
 169211 string characters out of 5415956
 601531 words of memory out of 5000000
 39447 multiletter control sequences out of 15000+600000
 634351 words of font info for 63 fonts, out of 8000000 for 9000
 1141 hyphenation exceptions out of 8191
 75i,7n,79p,1197b,479s stack positions out of 10000i,1000n,20000p,200000b,200000s
 <C:\Users\sswilliams\AppData\Local\MiKTeX\fonts/pk/ljfour/jknappen/ec/dpi600
\tcrm1200.pk><C:/Users/sswilliams/AppData/Local/Programs/MiKTeX/fonts/type1/pub
lic/amsfonts/cm/cmbx12.pfb><C:/Users/sswilliams/AppData/Local/Programs/MiKTeX/f
onts/type1/public/amsfonts/cm/cmr12.pfb><C:/Users/sswilliams/AppData/Local/Prog
rams/MiKTeX/fonts/type1/public/amsfonts/cm/cmr17.pfb>
Output written on report.pdf (16 pages, 757557 bytes).
PDF statistics:
 339 PDF objects out of 1000 (max. 8388607)
 68 named destinations out of 1000 (max. 500000)
 370 words of extra memory for PDF output out of 10000 (max. 10000000)

